{"/Users/anton/Desktop/netology/homework/telephone/src/js/app.js": {"path":"/Users/anton/Desktop/netology/homework/telephone/src/js/app.js","statementMap":{"0":{"start":{"line":6,"column":30},"end":{"line":6,"column":60}},"1":{"start":{"line":7,"column":10},"end":{"line":13,"column":11}},"2":{"start":{"line":8,"column":12},"end":{"line":8,"column":47}},"3":{"start":{"line":9,"column":17},"end":{"line":13,"column":11}},"4":{"start":{"line":10,"column":12},"end":{"line":10,"column":37}},"5":{"start":{"line":11,"column":17},"end":{"line":13,"column":11}},"6":{"start":{"line":12,"column":12},"end":{"line":12,"column":41}},"7":{"start":{"line":15,"column":10},"end":{"line":15,"column":35}}},"fnMap":{"0":{"name":"(anonymous_0)","decl":{"start":{"line":4,"column":6},"end":{"line":4,"column":7}},"loc":{"start":{"line":4,"column":40},"end":{"line":18,"column":5}},"line":4}},"branchMap":{"0":{"loc":{"start":{"line":7,"column":10},"end":{"line":13,"column":11}},"type":"if","locations":[{"start":{"line":7,"column":10},"end":{"line":13,"column":11}},{"start":{"line":9,"column":17},"end":{"line":13,"column":11}}],"line":7},"1":{"loc":{"start":{"line":7,"column":13},"end":{"line":7,"column":69}},"type":"binary-expr","locations":[{"start":{"line":7,"column":13},"end":{"line":7,"column":38}},{"start":{"line":7,"column":42},"end":{"line":7,"column":69}}],"line":7},"2":{"loc":{"start":{"line":9,"column":17},"end":{"line":13,"column":11}},"type":"if","locations":[{"start":{"line":9,"column":17},"end":{"line":13,"column":11}},{"start":{"line":11,"column":17},"end":{"line":13,"column":11}}],"line":9},"3":{"loc":{"start":{"line":11,"column":17},"end":{"line":13,"column":11}},"type":"if","locations":[{"start":{"line":11,"column":17},"end":{"line":13,"column":11}},{"start":{},"end":{}}],"line":11}},"s":{"0":10,"1":10,"2":1,"3":9,"4":3,"5":6,"6":2,"7":4},"f":{"0":10},"b":{"0":[1,9],"1":[10,5],"2":[3,6],"3":[2,4]},"_coverageSchema":"1a1c01bbd47fc00a2c39e90264f33305004495a9","hash":"4418e1c5372017fe836b805f79e883ba032bfaf8"}
}
